[0m[[0m[0mdebug[0m] [0m[0m> Exec(early(addDefaultCommands), None, None)[0m
[0m[[0m[0mdebug[0m] [0m[0m> Exec(addDefaultCommands, None, None)[0m
[0m[[0m[0mdebug[0m] [0m[0m> Exec(early(initialize), None, None)[0m
[0m[[0m[0mdebug[0m] [0m[0m> Exec(initialize, None, None)[0m
[0m[[0m[0mdebug[0m] [0m[0m> Exec(boot, None, None)[0m
[0m[[0m[0mdebug[0m] [0m[0m> Exec(writeSbtVersion, None, None)[0m
[0m[[0m[0mdebug[0m] [0m[0m> Exec(reload, None, None)[0m
[0m[[0m[0mdebug[0m] [0m[0m> Exec(sbtStashOnFailure, None, None)[0m
[0m[[0m[0mdebug[0m] [0m[0m> Exec(onFailure loadFailed, None, None)[0m
[0m[[0m[0mdebug[0m] [0m[0m> Exec(loadp, None, None)[0m
[0m[[0m[0minfo[0m] [0m[0mwelcome to sbt 1.11.2 (Azul Systems, Inc. Java 21.0.7)[0m
[0m[[0m[0mdebug[0m] [0m[0mLoad.defaultLoad until apply took 25.1855ms[0m
[0m[[0m[0mdebug[0m] [0m[0m          Load.loadUnit: plugins took 21.1365ms[0m
[0m[[0m[0mdebug[0m] [0m[0m          Load.loadUnit: defsScala took 0.079875ms[0m
[0m[[0m[0mdebug[0m] [0m[0m[Loading] Scanning directory /Users/rachitvargaslopez/Documents/Data Enginering and Big Data/etl_with_sql_cloud/project[0m
[0m[[0m[0mdebug[0m] [0m[0m[Loading] Found non-root projects [0m
[0m[[0m[0mdebug[0m] [0m[0m[Loading] Done in /Users/rachitvargaslopez/Documents/Data Enginering and Big Data/etl_with_sql_cloud/project, returning: ()[0m
[0m[[0m[0mdebug[0m] [0m[0mdeducing auto plugins based on known facts Set(Atom(sbt.plugins.CorePlugin)) and clauses Clauses(Clause(Atom(sbt.plugins.JvmPlugin),Set(Atom(sbt.plugins.IvyPlugin)))[0m
[0m[[0m[0mdebug[0m] [0m[0mClause(Atom(sbt.ScriptedPlugin),Set(Atom(sbt.plugins.JvmPlugin)))[0m
[0m[[0m[0mdebug[0m] [0m[0mClause(Atom(sbt.plugins.SbtPlugin),Set(Atom(sbt.ScriptedPlugin)))[0m
[0m[[0m[0mdebug[0m] [0m[0mClause(Atom(sbt.plugins.SemanticdbPlugin),Set(Atom(sbt.plugins.JvmPlugin)))[0m
[0m[[0m[0mdebug[0m] [0m[0mClause(Atom(sbt.plugins.JUnitXmlReportPlugin),Set(Atom(sbt.plugins.JvmPlugin)))[0m
[0m[[0m[0mdebug[0m] [0m[0mClause(Atom(sbt.plugins.MiniDependencyTreePlugin),Set(Atom(sbt.plugins.JvmPlugin)))[0m
[0m[[0m[0mdebug[0m] [0m[0mClause(Atom(sbt.plugins.CorePlugin),Set(Atom(sbt.plugins.IvyPlugin)))[0m
[0m[[0m[0mdebug[0m] [0m[0mClause(Atom(sbt.plugins.IvyPlugin),Set(Atom(sbt.plugins.JvmPlugin)))[0m
[0m[[0m[0mdebug[0m] [0m[0mClause(Atom(sbt.plugins.JvmPlugin),Set(Atom(sbt.plugins.SemanticdbPlugin)))[0m
[0m[[0m[0mdebug[0m] [0m[0mClause(Atom(sbt.plugins.JvmPlugin),Set(Atom(sbt.plugins.JUnitXmlReportPlugin)))[0m
[0m[[0m[0mdebug[0m] [0m[0mClause(Atom(sbt.plugins.CorePlugin),Set(Atom(sbt.plugins.Giter8TemplatePlugin)))[0m
[0m[[0m[0mdebug[0m] [0m[0mClause(Atom(sbt.plugins.JvmPlugin),Set(Atom(sbt.plugins.MiniDependencyTreePlugin))))[0m
[0m[[0m[0mdebug[0m] [0m[0m  :: deduced result: Matched(sbt.plugins.CorePlugin,sbt.plugins.Giter8TemplatePlugin,sbt.plugins.IvyPlugin,sbt.plugins.JvmPlugin,sbt.plugins.MiniDependencyTreePlugin,sbt.plugins.JUnitXmlReportPlugin,sbt.plugins.SemanticdbPlugin)[0m
[0m[[0m[0mdebug[0m] [0m[0mPlugins.deducer#function took 4.665 ms[0m
[0m[[0m[0mdebug[0m] [0m[0m              Load.resolveProject(etl_with_sql_cloud-build) took 14.036333ms[0m
[0m[[0m[0mdebug[0m] [0m[0m            Load.loadTransitive: finalizeProject(Project(id etl_with_sql_cloud-build, base: /Users/rachitvargaslopez/Documents/Data Enginering and Big Data/etl_with_sql_cloud/project, plugins: List(<none>))) took 26.468583ms[0m
[0m[[0m[0mdebug[0m] [0m[0m[Loading] Done in /Users/rachitvargaslopez/Documents/Data Enginering and Big Data/etl_with_sql_cloud/project, returning: (etl_with_sql_cloud-build)[0m
[0m[[0m[0mdebug[0m] [0m[0m          Load.loadUnit: loadedProjectsRaw took 32.077708ms[0m
[0m[[0m[0mdebug[0m] [0m[0m          Load.loadUnit: cleanEvalClasses took 0.062417ms[0m
[0m[[0m[0mdebug[0m] [0m[0m        Load.loadUnit(file:/Users/rachitvargaslopez/Documents/Data%20Enginering%20and%20Big%20Data/etl_with_sql_cloud/project/, ...) took 54.921834ms[0m
[0m[[0m[0mdebug[0m] [0m[0m      Load.apply: load took 248.6415ms[0m
[0m[[0m[0mdebug[0m] [0m[0m      Load.apply: resolveProjects took 2.214792ms[0m
[0m[[0m[0mdebug[0m] [0m[0m      Load.apply: finalTransforms took 27.981875ms[0m
[0m[[0m[0mdebug[0m] [0m[0m      Load.apply: config.delegates took 2.291833ms[0m
[0m[[0m[0mdebug[0m] [0m[0m      Load.apply: Def.make(settings)... took 135.224833ms[0m
[0m[[0m[0mdebug[0m] [0m[0m      Load.apply: structureIndex took 35.186333ms[0m
[0m[[0m[0mdebug[0m] [0m[0m      Load.apply: mkStreams took 0.468333ms[0m
[0m[[0m[0minfo[0m] [0m[0mloading project definition from /Users/rachitvargaslopez/Documents/Data Enginering and Big Data/etl_with_sql_cloud/project[0m
[0m[[0m[0mdebug[0m] [0m[0mRunning task... Cancel: Signal, check cycles: false, forcegc: true[0m
[0m[[0m[0minfo[0m] [0m[0mcompiling 4 Scala sources to /Users/rachitvargaslopez/Documents/Data Enginering and Big Data/etl_with_sql_cloud/project/target/scala-2.12/sbt-1.0/classes ...[0m
[0m[[0m[31merror[0m] [0m[0m/Users/rachitvargaslopez/Documents/Data Enginering and Big Data/etl_with_sql_cloud/project/src/main/scala/etl/Extract.scala:3:19: object spark is not a member of package org.apache[0m
[0m[[0m[31merror[0m] [0m[0mimport org.apache.spark.sql.{DataFrame, SparkSession}[0m
[0m[[0m[31merror[0m] [0m[0m                  ^[0m
[0m[[0m[31merror[0m] [0m[0m/Users/rachitvargaslopez/Documents/Data Enginering and Big Data/etl_with_sql_cloud/project/src/main/scala/etl/Extract.scala:7:51: not found: type DataFrame[0m
[0m[[0m[31merror[0m] [0m[0m  table: String, user: String, password: String): DataFrame = {[0m
[0m[[0m[31merror[0m] [0m[0m                                                  ^[0m
[0m[[0m[31merror[0m] [0m[0m/Users/rachitvargaslopez/Documents/Data Enginering and Big Data/etl_with_sql_cloud/project/src/main/scala/etl/Extract.scala:6:24: not found: type SparkSession[0m
[0m[[0m[31merror[0m] [0m[0m  def fromMySQL(spark: SparkSession, jdbcUrl: String, [0m
[0m[[0m[31merror[0m] [0m[0m                       ^[0m
[0m[[0m[31merror[0m] [0m[0m/Users/rachitvargaslopez/Documents/Data Enginering and Big Data/etl_with_sql_cloud/project/src/main/scala/etl/Load.scala:3:19: object spark is not a member of package org.apache[0m
[0m[[0m[31merror[0m] [0m[0mimport org.apache.spark.sql.{DataFrame}[0m
[0m[[0m[31merror[0m] [0m[0m                  ^[0m
[0m[[0m[31merror[0m] [0m[0m/Users/rachitvargaslopez/Documents/Data Enginering and Big Data/etl_with_sql_cloud/project/src/main/scala/etl/Load.scala:6:22: not found: type DataFrame[0m
[0m[[0m[31merror[0m] [0m[0m  def toCloudSQL(df: DataFrame, jdbcUrl: String, table: String, [0m
[0m[[0m[31merror[0m] [0m[0m                     ^[0m
[0m[[0m[31merror[0m] [0m[0m/Users/rachitvargaslopez/Documents/Data Enginering and Big Data/etl_with_sql_cloud/project/src/main/scala/etl/Transform.scala:3:19: object spark is not a member of package org.apache[0m
[0m[[0m[31merror[0m] [0m[0mimport org.apache.spark.sql.{DataFrame}[0m
[0m[[0m[31merror[0m] [0m[0m                  ^[0m
[0m[[0m[31merror[0m] [0m[0m/Users/rachitvargaslopez/Documents/Data Enginering and Big Data/etl_with_sql_cloud/project/src/main/scala/etl/Transform.scala:4:19: object spark is not a member of package org.apache[0m
[0m[[0m[31merror[0m] [0m[0mimport org.apache.spark.sql.functions._[0m
[0m[[0m[31merror[0m] [0m[0m                  ^[0m
[0m[[0m[31merror[0m] [0m[0m/Users/rachitvargaslopez/Documents/Data Enginering and Big Data/etl_with_sql_cloud/project/src/main/scala/etl/Transform.scala:7:29: not found: type DataFrame[0m
[0m[[0m[31merror[0m] [0m[0m  def apply(df: DataFrame): DataFrame = {[0m
[0m[[0m[31merror[0m] [0m[0m                            ^[0m
[0m[[0m[31merror[0m] [0m[0m/Users/rachitvargaslopez/Documents/Data Enginering and Big Data/etl_with_sql_cloud/project/src/main/scala/etl/Transform.scala:7:17: not found: type DataFrame[0m
[0m[[0m[31merror[0m] [0m[0m  def apply(df: DataFrame): DataFrame = {[0m
[0m[[0m[31merror[0m] [0m[0m                ^[0m
[0m[[0m[31merror[0m] [0m[0m/Users/rachitvargaslopez/Documents/Data Enginering and Big Data/etl_with_sql_cloud/project/src/main/scala/etl/main.scala:3:19: object spark is not a member of package org.apache[0m
[0m[[0m[31merror[0m] [0m[0mimport org.apache.spark.sql.SparkSession[0m
[0m[[0m[31merror[0m] [0m[0m                  ^[0m
[0m[[0m[31merror[0m] [0m[0m/Users/rachitvargaslopez/Documents/Data Enginering and Big Data/etl_with_sql_cloud/project/src/main/scala/etl/main.scala:7:17: not found: value SparkSession[0m
[0m[[0m[31merror[0m] [0m[0m    val spark = SparkSession.builder()[0m
[0m[[0m[31merror[0m] [0m[0m                ^[0m
[0m[[0m[31merror[0m] [0m[0m11 errors found[0m
[0m[[0m[31merror[0m] [0m[0m(Compile / [31mcompileIncremental[0m) Compilation failed[0m
[0m[[0m[0mdebug[0m] [0m[0m> Exec(loadFailed, None, None)[0m
[0m[[0m[33mwarn[0m] [0m[0mProject loading failed: (r)etry, (q)uit, (l)ast, or (i)gnore? (default: r)[0m
[0m[[0m[33mwarn[0m] [0m[0mProject loading failed: (r)etry, (q)uit, (l)ast, or (i)gnore? (default: r)[0m
[0m[[0m[33mwarn[0m] [0m[0mProject loading failed: (r)etry, (q)uit, (l)ast, or (i)gnore? (default: r)[0m
[0m[[0m[33mwarn[0m] [0m[0mProject loading failed: (r)etry, (q)uit, (l)ast, or (i)gnore? (default: r)[0m
